Flutter crash report; please file at https://github.com/flutter/flutter/issues.

## command

flutter --no-color attach --machine --device-id=057C808A-A66D-4A26-B662-1321CB530CE1 lib/main.dart

## exception

NoSuchMethodError: NoSuchMethodError: The getter 'port' was called on null.
Receiver: null
Tried calling: port

```
#0      Object.noSuchMethod (dart:core-patch/object_patch.dart:50:5)
#1      AttachCommand.runCommand (package:flutter_tools/src/commands/attach.dart:219:78)
<asynchronous suspension>
#2      FlutterCommand.verifyThenRunCommand (package:flutter_tools/src/runner/flutter_command.dart:559:18)
#3      _asyncThenWrapperHelper.<anonymous closure> (dart:async-patch/async_patch.dart:77:64)
#4      _rootRunUnary (dart:async/zone.dart:1132:38)
#5      _CustomZone.runUnary (dart:async/zone.dart:1029:19)
#6      _FutureListener.handleValue (dart:async/future_impl.dart:126:18)
#7      Future._propagateToListeners.handleValueCallback (dart:async/future_impl.dart:639:45)
#8      Future._propagateToListeners (dart:async/future_impl.dart:668:32)
#9      Future._complete (dart:async/future_impl.dart:473:7)
#10     _SyncCompleter.complete (dart:async/future_impl.dart:51:12)
#11     _AsyncAwaitCompleter.complete.<anonymous closure> (dart:async-patch/async_patch.dart:33:20)
#12     _rootRun (dart:async/zone.dart:1124:13)
#13     _CustomZone.run (dart:async/zone.dart:1021:19)
#14     _CustomZone.bindCallback.<anonymous closure> (dart:async/zone.dart:947:23)
#15     _microtaskLoop (dart:async/schedule_microtask.dart:41:21)
#16     _startMicrotaskLoop (dart:async/schedule_microtask.dart:50:5)
#17     _runPendingImmediateCallback (dart:isolate-patch/isolate_patch.dart:115:13)
#18     _RawReceivePortImpl._handleMessage (dart:isolate-patch/isolate_patch.dart:172:5)
```

## flutter doctor

```
[✓] Flutter (Channel stable, v1.0.1-pre.3, on Mac OS X 10.14.4 18E226, locale zh-Hans-CN)
    • Flutter version 1.0.1-pre.3 at /Users/kevinzhan/code/git_repo/flutter
    • Framework revision 251aa53869 (2 weeks ago), 2019-06-05 21:49:11 +0800
    • Engine revision 52c7a1e849
    • Dart version 2.3.0 (build 2.3.0-dev.0.5 a1668566e5)

[✓] Android toolchain - develop for Android devices (Android SDK version 28.0.3)
    • Android SDK at /Users/kevinzhan/Library/Android/sdk
    • Android NDK at /Users/kevinzhan/Library/Android/sdk/ndk-bundle
    • Platform android-28, build-tools 28.0.3
    • ANDROID_HOME = /Users/kevinzhan/Library/Android/sdk
    • Java binary at: /Applications/Android Studio.app/Contents/jre/jdk/Contents/Home/bin/java
    • Java version OpenJDK Runtime Environment (build 1.8.0_152-release-1343-b01)
    • All Android licenses accepted.

[✓] iOS toolchain - develop for iOS devices (Xcode 10.2.1)
    • Xcode at /Applications/Xcode.app/Contents/Developer
    • Xcode 10.2.1, Build version 10E1001
    • ios-deploy 1.9.4
    • CocoaPods version 1.5.3

[✓] Android Studio (version 3.4)
    • Android Studio at /Applications/Android Studio.app/Contents
    • Flutter plugin version 36.0.1
    • Dart plugin version 183.6270
    • Java version OpenJDK Runtime Environment (build 1.8.0_152-release-1343-b01)

[✓] IntelliJ IDEA Ultimate Edition (version 2018.2.8)
    • IntelliJ at /Applications/IntelliJ IDEA.app
    • Flutter plugin version 34.0.1
    • Dart plugin version 182.5215

[✓] VS Code (version 1.35.1)
    • VS Code at /Applications/Visual Studio Code.app/Contents
    • Flutter extension version 3.0.0

[✓] Proxy Configuration
    • HTTP_PROXY is set
    • NO_PROXY is localhost,127.0.0.1,oa.com
    • NO_PROXY contains 127.0.0.1
    • NO_PROXY contains localhost

[✓] Connected device (2 available)
    • vivo X6D  • 7DQSOVRWMRJ7MRG6                     • android-arm64 • Android 5.1 (API 22)
    • iPhone Xʀ • 057C808A-A66D-4A26-B662-1321CB530CE1 • ios           • com.apple.CoreSimulator.SimRuntime.iOS-12-2 (simulator)

• No issues found!
```
